0 info it worked if it ends with ok
1 verbose cli [ '/usr/local/bin/node',
1 verbose cli   '/usr/local/bin/npm',
1 verbose cli   'install',
1 verbose cli   'sleep' ]
2 info using npm@3.3.12
3 info using node@v6.0.0-pre
4 silly loadCurrentTree Starting
5 silly install loadCurrentTree
6 silly install readLocalPackageData
7 silly fetchPackageMetaData sleep
8 silly fetchNamedPackageData sleep
9 silly mapToRegistry name sleep
10 silly mapToRegistry using default registry
11 silly mapToRegistry registry https://registry.npmjs.org/
12 silly mapToRegistry uri https://registry.npmjs.org/sleep
13 verbose request uri https://registry.npmjs.org/sleep
14 verbose request no auth needed
15 info attempt registry request try #1 at 03:42:31
16 verbose request id b56504263b420370
17 http request GET https://registry.npmjs.org/sleep
18 http 200 https://registry.npmjs.org/sleep
19 verbose headers { server: 'CouchDB/1.5.0 (Erlang OTP/R16B03)',
19 verbose headers   etag: '"EC2J6UC7HFCGZJCVPC0WHLL1W"',
19 verbose headers   'content-type': 'application/json',
19 verbose headers   'content-encoding': 'gzip',
19 verbose headers   'cache-control': 'max-age=300',
19 verbose headers   'content-length': '3120',
19 verbose headers   'accept-ranges': 'bytes',
19 verbose headers   date: 'Fri, 09 Sep 2016 07:42:31 GMT',
19 verbose headers   via: '1.1 varnish',
19 verbose headers   age: '0',
19 verbose headers   connection: 'keep-alive',
19 verbose headers   'x-served-by': 'cache-atl6237-ATL',
19 verbose headers   'x-cache': 'MISS',
19 verbose headers   'x-cache-hits': '0',
19 verbose headers   'x-timer': 'S1473406951.206139,VS0,VE310',
19 verbose headers   vary: 'Accept-Encoding' }
20 silly get cb [ 200,
20 silly get   { server: 'CouchDB/1.5.0 (Erlang OTP/R16B03)',
20 silly get     etag: '"EC2J6UC7HFCGZJCVPC0WHLL1W"',
20 silly get     'content-type': 'application/json',
20 silly get     'content-encoding': 'gzip',
20 silly get     'cache-control': 'max-age=300',
20 silly get     'content-length': '3120',
20 silly get     'accept-ranges': 'bytes',
20 silly get     date: 'Fri, 09 Sep 2016 07:42:31 GMT',
20 silly get     via: '1.1 varnish',
20 silly get     age: '0',
20 silly get     connection: 'keep-alive',
20 silly get     'x-served-by': 'cache-atl6237-ATL',
20 silly get     'x-cache': 'MISS',
20 silly get     'x-cache-hits': '0',
20 silly get     'x-timer': 'S1473406951.206139,VS0,VE310',
20 silly get     vary: 'Accept-Encoding' } ]
21 verbose get saving sleep to /home/rajadhva/.npm/registry.npmjs.org/sleep/.cache.json
22 silly install normalizeTree
23 silly loadCurrentTree Finishing
24 silly loadIdealTree Starting
25 silly install loadIdealTree
26 silly cloneCurrentTree Starting
27 silly install cloneCurrentTreeToIdealTree
28 silly cloneCurrentTree Finishing
29 silly loadShrinkwrap Starting
30 silly install loadShrinkwrap
31 silly loadShrinkwrap Finishing
32 silly loadAllDepsIntoIdealTree Starting
33 silly install loadAllDepsIntoIdealTree
34 warn engine sleep@4.0.0: wanted: {"node":">=0.4.0"} (current: {"node":"6.0.0-pre","npm":"3.3.12"})
35 silly resolveWithNewModule sleep@4.0.0 checking installable status
36 warn engine sleep@4.0.0: wanted: {"node":">=0.4.0"} (current: {"node":"6.0.0-pre","npm":"3.3.12"})
37 silly cache add args [ 'sleep', null ]
38 verbose cache add spec sleep
39 silly cache add parsed spec Result {
39 silly cache add   raw: 'sleep',
39 silly cache add   scope: null,
39 silly cache add   name: 'sleep',
39 silly cache add   rawSpec: '',
39 silly cache add   spec: '*',
39 silly cache add   type: 'range' }
40 silly addNamed sleep@*
41 verbose addNamed "*" is a valid semver range for sleep
42 silly addNameRange { name: 'sleep', range: '*', hasData: false }
43 silly mapToRegistry name sleep
44 silly mapToRegistry using default registry
45 silly mapToRegistry registry https://registry.npmjs.org/
46 silly mapToRegistry uri https://registry.npmjs.org/sleep
47 verbose addNameRange registry:https://registry.npmjs.org/sleep not in flight; fetching
48 verbose get https://registry.npmjs.org/sleep not expired, no request
49 silly addNameRange number 2 { name: 'sleep', range: '*', hasData: true }
50 silly addNameRange versions [ 'sleep',
50 silly addNameRange   [ '1.0.0',
50 silly addNameRange     '1.0.1',
50 silly addNameRange     '1.0.2',
50 silly addNameRange     '1.1.0',
50 silly addNameRange     '1.1.1',
50 silly addNameRange     '1.1.2',
50 silly addNameRange     '1.1.3',
50 silly addNameRange     '1.1.4',
50 silly addNameRange     '1.1.5',
50 silly addNameRange     '1.1.6',
50 silly addNameRange     '1.1.7',
50 silly addNameRange     '1.1.8',
50 silly addNameRange     '1.2.0',
50 silly addNameRange     '2.0.0',
50 silly addNameRange     '3.0.0',
50 silly addNameRange     '3.0.1',
50 silly addNameRange     '4.0.0' ] ]
51 silly addNamed sleep@4.0.0
52 verbose addNamed "4.0.0" is a plain semver version for sleep
53 silly mapToRegistry name sleep
54 silly mapToRegistry using default registry
55 silly mapToRegistry registry https://registry.npmjs.org/
56 silly mapToRegistry uri https://registry.npmjs.org/sleep
57 verbose addRemoteTarball https://registry.npmjs.org/sleep/-/sleep-4.0.0.tgz not in flight; adding
58 verbose addRemoteTarball [ 'https://registry.npmjs.org/sleep/-/sleep-4.0.0.tgz',
58 verbose addRemoteTarball   '8d465f9671cbef89d5688150ff2edf9c9e6a9879' ]
59 info retry fetch attempt 1 at 03:42:31
60 info attempt registry request try #1 at 03:42:31
61 http fetch GET https://registry.npmjs.org/sleep/-/sleep-4.0.0.tgz
62 http fetch 200 https://registry.npmjs.org/sleep/-/sleep-4.0.0.tgz
63 silly fetchAndShaCheck shasum 8d465f9671cbef89d5688150ff2edf9c9e6a9879
64 verbose addTmpTarball /tmp/npm-9838-2a3d14d1/registry.npmjs.org/sleep/-/sleep-4.0.0.tgz not in flight; adding
65 verbose addTmpTarball already have metadata; skipping unpack for sleep@4.0.0
66 silly cache afterAdd sleep@4.0.0
67 verbose afterAdd /home/rajadhva/.npm/sleep/4.0.0/package/package.json not in flight; writing
68 verbose afterAdd /home/rajadhva/.npm/sleep/4.0.0/package/package.json written
69 silly fetchNamedPackageData nan
70 silly mapToRegistry name nan
71 silly mapToRegistry using default registry
72 silly mapToRegistry registry https://registry.npmjs.org/
73 silly mapToRegistry uri https://registry.npmjs.org/nan
74 verbose request uri https://registry.npmjs.org/nan
75 verbose request no auth needed
76 info attempt registry request try #1 at 03:42:31
77 http request GET https://registry.npmjs.org/nan
78 http 200 https://registry.npmjs.org/nan
79 verbose headers { server: 'CouchDB/1.5.0 (Erlang OTP/R16B03)',
79 verbose headers   etag: '"1OOZJAUMBQC59OINHZGMRRCSL"',
79 verbose headers   'content-type': 'application/json',
79 verbose headers   'content-encoding': 'gzip',
79 verbose headers   'cache-control': 'max-age=300',
79 verbose headers   'content-length': '17140',
79 verbose headers   'accept-ranges': 'bytes',
79 verbose headers   date: 'Fri, 09 Sep 2016 07:42:32 GMT',
79 verbose headers   via: '1.1 varnish',
79 verbose headers   age: '99',
79 verbose headers   connection: 'keep-alive',
79 verbose headers   'x-served-by': 'cache-atl6241-ATL',
79 verbose headers   'x-cache': 'HIT',
79 verbose headers   'x-cache-hits': '1',
79 verbose headers   'x-timer': 'S1473406952.044018,VS0,VE0',
79 verbose headers   vary: 'Accept-Encoding' }
80 silly get cb [ 200,
80 silly get   { server: 'CouchDB/1.5.0 (Erlang OTP/R16B03)',
80 silly get     etag: '"1OOZJAUMBQC59OINHZGMRRCSL"',
80 silly get     'content-type': 'application/json',
80 silly get     'content-encoding': 'gzip',
80 silly get     'cache-control': 'max-age=300',
80 silly get     'content-length': '17140',
80 silly get     'accept-ranges': 'bytes',
80 silly get     date: 'Fri, 09 Sep 2016 07:42:32 GMT',
80 silly get     via: '1.1 varnish',
80 silly get     age: '99',
80 silly get     connection: 'keep-alive',
80 silly get     'x-served-by': 'cache-atl6241-ATL',
80 silly get     'x-cache': 'HIT',
80 silly get     'x-cache-hits': '1',
80 silly get     'x-timer': 'S1473406952.044018,VS0,VE0',
80 silly get     vary: 'Accept-Encoding' } ]
81 verbose get saving nan to /home/rajadhva/.npm/registry.npmjs.org/nan/.cache.json
82 silly resolveWithNewModule nan@2.4.0 checking installable status
83 silly cache add args [ 'nan@>=2.0.0', null ]
84 verbose cache add spec nan@>=2.0.0
85 silly cache add parsed spec Result {
85 silly cache add   raw: 'nan@>=2.0.0',
85 silly cache add   scope: null,
85 silly cache add   name: 'nan',
85 silly cache add   rawSpec: '>=2.0.0',
85 silly cache add   spec: '>=2.0.0',
85 silly cache add   type: 'range' }
86 silly addNamed nan@>=2.0.0
87 verbose addNamed ">=2.0.0" is a valid semver range for nan
88 silly addNameRange { name: 'nan', range: '>=2.0.0', hasData: false }
89 silly mapToRegistry name nan
90 silly mapToRegistry using default registry
91 silly mapToRegistry registry https://registry.npmjs.org/
92 silly mapToRegistry uri https://registry.npmjs.org/nan
93 verbose addNameRange registry:https://registry.npmjs.org/nan not in flight; fetching
94 verbose get https://registry.npmjs.org/nan not expired, no request
95 silly addNameRange number 2 { name: 'nan', range: '>=2.0.0', hasData: true }
96 silly addNameRange versions [ 'nan',
96 silly addNameRange   [ '0.3.0-wip',
96 silly addNameRange     '0.3.0-wip2',
96 silly addNameRange     '0.3.0',
96 silly addNameRange     '0.3.1',
96 silly addNameRange     '0.3.2',
96 silly addNameRange     '0.4.0',
96 silly addNameRange     '0.4.1',
96 silly addNameRange     '0.4.2',
96 silly addNameRange     '0.4.3',
96 silly addNameRange     '0.4.4',
96 silly addNameRange     '0.5.0',
96 silly addNameRange     '0.5.1',
96 silly addNameRange     '0.5.2',
96 silly addNameRange     '0.6.0',
96 silly addNameRange     '0.7.0',
96 silly addNameRange     '0.7.1',
96 silly addNameRange     '0.8.0',
96 silly addNameRange     '1.0.0',
96 silly addNameRange     '1.1.0',
96 silly addNameRange     '1.1.1',
96 silly addNameRange     '1.1.2',
96 silly addNameRange     '1.2.0',
96 silly addNameRange     '1.3.0',
96 silly addNameRange     '1.4.0',
96 silly addNameRange     '1.4.1',
96 silly addNameRange     '1.5.0',
96 silly addNameRange     '1.4.2',
96 silly addNameRange     '1.4.3',
96 silly addNameRange     '1.5.1',
96 silly addNameRange     '1.5.2',
96 silly addNameRange     '1.6.0',
96 silly addNameRange     '1.5.3',
96 silly addNameRange     '1.6.1',
96 silly addNameRange     '1.6.2',
96 silly addNameRange     '1.7.0',
96 silly addNameRange     '1.8.0',
96 silly addNameRange     '1.8.1',
96 silly addNameRange     '1.8.2',
96 silly addNameRange     '1.8.3',
96 silly addNameRange     '1.8.4',
96 silly addNameRange     '1.9.0',
96 silly addNameRange     '2.0.0',
96 silly addNameRange     '2.0.1',
96 silly addNameRange     '2.0.2',
96 silly addNameRange     '2.0.3',
96 silly addNameRange     '2.0.4',
96 silly addNameRange     '2.0.5',
96 silly addNameRange     '2.0.6',
96 silly addNameRange     '2.0.7',
96 silly addNameRange     '2.0.8',
96 silly addNameRange     '2.0.9',
96 silly addNameRange     '2.1.0',
96 silly addNameRange     '2.2.0',
96 silly addNameRange     '2.2.1',
96 silly addNameRange     '2.3.0',
96 silly addNameRange     '2.3.1',
96 silly addNameRange     '2.3.2',
96 silly addNameRange     '2.3.3',
96 silly addNameRange     '2.3.4',
96 silly addNameRange     '2.3.5',
96 silly addNameRange     '2.4.0' ] ]
97 silly addNamed nan@2.4.0
98 verbose addNamed "2.4.0" is a plain semver version for nan
99 silly mapToRegistry name nan
100 silly mapToRegistry using default registry
101 silly mapToRegistry registry https://registry.npmjs.org/
102 silly mapToRegistry uri https://registry.npmjs.org/nan
103 verbose addRemoteTarball https://registry.npmjs.org/nan/-/nan-2.4.0.tgz not in flight; adding
104 verbose addRemoteTarball [ 'https://registry.npmjs.org/nan/-/nan-2.4.0.tgz',
104 verbose addRemoteTarball   'fb3c59d45fe4effe215f0b890f8adf6eb32d2232' ]
105 info retry fetch attempt 1 at 03:42:32
106 info attempt registry request try #1 at 03:42:32
107 http fetch GET https://registry.npmjs.org/nan/-/nan-2.4.0.tgz
108 http fetch 200 https://registry.npmjs.org/nan/-/nan-2.4.0.tgz
109 silly fetchAndShaCheck shasum fb3c59d45fe4effe215f0b890f8adf6eb32d2232
110 verbose addTmpTarball /tmp/npm-9838-2a3d14d1/registry.npmjs.org/nan/-/nan-2.4.0.tgz not in flight; adding
111 verbose addTmpTarball already have metadata; skipping unpack for nan@2.4.0
112 silly cache afterAdd nan@2.4.0
113 verbose afterAdd /home/rajadhva/.npm/nan/2.4.0/package/package.json not in flight; writing
114 verbose afterAdd /home/rajadhva/.npm/nan/2.4.0/package/package.json written
115 silly loadAllDepsIntoIdealTree Finishing
116 silly idealTree:prePrune servers@0.0.0
116 silly idealTree:prePrune ├── iconv-lite@0.4.13
116 silly idealTree:prePrune ├── nan@2.4.0
116 silly idealTree:prePrune ├── needle@0.7.11
116 silly idealTree:prePrune └── sleep@4.0.0
117 silly loadIdealTree Finishing
118 silly currentTree servers@0.0.0
118 silly currentTree ├── iconv-lite@0.4.13
118 silly currentTree └── needle@0.7.11
119 silly idealTree servers@0.0.0
119 silly idealTree ├── iconv-lite@0.4.13
119 silly idealTree ├── nan@2.4.0
119 silly idealTree ├── needle@0.7.11
119 silly idealTree └── sleep@4.0.0
120 silly generateActionsToTake Starting
121 silly install generateActionsToTake
122 silly generateActionsToTake Finishing
123 silly diffTrees action count 2
124 silly diffTrees add nan@2.4.0
125 silly diffTrees add sleep@4.0.0
126 silly decomposeActions action count 16
127 silly decomposeActions fetch nan@2.4.0
128 silly decomposeActions extract nan@2.4.0
129 silly decomposeActions preinstall nan@2.4.0
130 silly decomposeActions build nan@2.4.0
131 silly decomposeActions install nan@2.4.0
132 silly decomposeActions postinstall nan@2.4.0
133 silly decomposeActions test nan@2.4.0
134 silly decomposeActions finalize nan@2.4.0
135 silly decomposeActions fetch sleep@4.0.0
136 silly decomposeActions extract sleep@4.0.0
137 silly decomposeActions preinstall sleep@4.0.0
138 silly decomposeActions build sleep@4.0.0
139 silly decomposeActions install sleep@4.0.0
140 silly decomposeActions postinstall sleep@4.0.0
141 silly decomposeActions test sleep@4.0.0
142 silly decomposeActions finalize sleep@4.0.0
143 silly executeActions Starting
144 silly install executeActions
145 silly doSerial global-install 0
146 silly doParallel fetch 2
147 verbose lock using /home/rajadhva/.npm/_locks/staging-94e596a70bf44d31.lock for /home/rajadhva/Devops/HW1/digitalocean/node_modules/.staging
148 silly doParallel extract 2
149 silly extract nan@2.4.0
150 silly extract sleep@4.0.0
151 verbose unbuild node_modules/.staging/nan-5f571e3ce861b45b3ca5f5fa57931d95
152 verbose unbuild node_modules/.staging/sleep-a13a940ddd01987c7005c944cdb5c2ce
153 silly gentlyRm /home/rajadhva/Devops/HW1/digitalocean/node_modules/.staging/nan-5f571e3ce861b45b3ca5f5fa57931d95 is being purged from base /home/rajadhva/Devops/HW1/digitalocean
154 silly gentlyRm /home/rajadhva/Devops/HW1/digitalocean/node_modules/.staging/sleep-a13a940ddd01987c7005c944cdb5c2ce is being purged from base /home/rajadhva/Devops/HW1/digitalocean
155 verbose gentlyRm don't care about contents; nuking /home/rajadhva/Devops/HW1/digitalocean/node_modules/.staging/nan-5f571e3ce861b45b3ca5f5fa57931d95
156 verbose gentlyRm don't care about contents; nuking /home/rajadhva/Devops/HW1/digitalocean/node_modules/.staging/sleep-a13a940ddd01987c7005c944cdb5c2ce
157 verbose tar unpack /home/rajadhva/.npm/nan/2.4.0/package.tgz
158 verbose tar unpacking to /home/rajadhva/Devops/HW1/digitalocean/node_modules/.staging/nan-5f571e3ce861b45b3ca5f5fa57931d95
159 silly gentlyRm /home/rajadhva/Devops/HW1/digitalocean/node_modules/.staging/nan-5f571e3ce861b45b3ca5f5fa57931d95 is being purged
160 verbose tar unpack /home/rajadhva/.npm/sleep/4.0.0/package.tgz
161 verbose tar unpacking to /home/rajadhva/Devops/HW1/digitalocean/node_modules/.staging/sleep-a13a940ddd01987c7005c944cdb5c2ce
162 silly gentlyRm /home/rajadhva/Devops/HW1/digitalocean/node_modules/.staging/sleep-a13a940ddd01987c7005c944cdb5c2ce is being purged
163 verbose gentlyRm don't care about contents; nuking /home/rajadhva/Devops/HW1/digitalocean/node_modules/.staging/nan-5f571e3ce861b45b3ca5f5fa57931d95
164 verbose gentlyRm don't care about contents; nuking /home/rajadhva/Devops/HW1/digitalocean/node_modules/.staging/sleep-a13a940ddd01987c7005c944cdb5c2ce
165 silly gunzTarPerm modes [ '775', '664' ]
166 silly gunzTarPerm modes [ '775', '664' ]
167 silly gunzTarPerm extractEntry package.json
168 silly gunzTarPerm extractEntry package.json
169 silly gunzTarPerm extractEntry README.md
170 silly gunzTarPerm extractEntry .npmignore
171 silly gunzTarPerm extractEntry README.md
172 silly gunzTarPerm extractEntry include_dirs.js
173 silly gunzTarPerm extractEntry nan_callbacks_pre_12_inl.h
174 silly gunzTarPerm extractEntry CHANGELOG.md
175 silly gunzTarPerm extractEntry LICENSE.md
176 silly gunzTarPerm extractEntry index.js
177 silly gunzTarPerm extractEntry test.js
178 silly gunzTarPerm extractEntry doc/node_misc.md
179 silly gunzTarPerm extractEntry LICENSE.txt
180 silly gunzTarPerm extractEntry bin/sleep
181 silly gunzTarPerm extractEntry doc/asyncworker.md
182 silly gunzTarPerm extractEntry doc/callback.md
183 silly gunzTarPerm extractEntry binding.gyp
184 silly gunzTarPerm extractEntry sleep.cc
185 silly gunzTarPerm extractEntry doc/converters.md
186 silly gunzTarPerm extractEntry doc/errors.md
187 silly gunzTarPerm extractEntry doc/maybe_types.md
188 silly gunzTarPerm extractEntry doc/methods.md
189 silly gunzTarPerm extractEntry doc/new.md
190 silly gunzTarPerm extractEntry doc/buffers.md
191 silly gunzTarPerm extractEntry doc/object_wrappers.md
192 silly gunzTarPerm extractEntry doc/persistent.md
193 silly gunzTarPerm extractEntry doc/scopes.md
194 silly gunzTarPerm extractEntry doc/script.md
195 silly gunzTarPerm extractEntry doc/string_bytes.md
196 silly gunzTarPerm extractEntry doc/v8_internals.md
197 silly gunzTarPerm extractEntry doc/v8_misc.md
198 silly gunzTarPerm extractEntry nan.h
199 silly gunzTarPerm extractEntry nan_callbacks.h
200 silly gunzTarPerm extractEntry nan_callbacks_12_inl.h
201 silly gunzTarPerm extractEntry nan_converters.h
202 silly gunzTarPerm extractEntry nan_converters_43_inl.h
203 silly gunzTarPerm extractEntry nan_converters_pre_43_inl.h
204 silly gunzTarPerm extractEntry nan_implementation_12_inl.h
205 silly gunzTarPerm extractEntry nan_implementation_pre_12_inl.h
206 silly gunzTarPerm extractEntry nan_maybe_43_inl.h
207 silly gunzTarPerm extractEntry nan_maybe_pre_43_inl.h
208 silly gunzTarPerm extractEntry nan_new.h
209 silly gunzTarPerm extractEntry nan_object_wrap.h
210 silly gunzTarPerm extractEntry nan_persistent_12_inl.h
211 silly gunzTarPerm extractEntry nan_persistent_pre_12_inl.h
212 silly gunzTarPerm extractEntry nan_string_bytes.h
213 silly gunzTarPerm extractEntry nan_typedarray_contents.h
214 silly gunzTarPerm extractEntry nan_weak.h
215 silly gunzTarPerm extractEntry tools/package.json
216 silly gunzTarPerm extractEntry tools/README.md
217 silly gunzTarPerm extractEntry tools/1to2.js
218 silly doParallel preinstall 2
219 silly preinstall nan@2.4.0 /home/rajadhva/Devops/HW1/digitalocean/node_modules/.staging/nan-5f571e3ce861b45b3ca5f5fa57931d95
220 info lifecycle nan@2.4.0~preinstall: nan@2.4.0
221 silly preinstall sleep@4.0.0 /home/rajadhva/Devops/HW1/digitalocean/node_modules/.staging/sleep-a13a940ddd01987c7005c944cdb5c2ce
222 info lifecycle sleep@4.0.0~preinstall: sleep@4.0.0
223 silly lifecycle nan@2.4.0~preinstall: no script for preinstall, continuing
224 silly lifecycle sleep@4.0.0~preinstall: no script for preinstall, continuing
225 silly doReverseSerial remove 0
226 silly doSerial move 0
227 silly doSerial finalize 2
228 silly finalize /home/rajadhva/Devops/HW1/digitalocean/node_modules/nan
229 silly finalize /home/rajadhva/Devops/HW1/digitalocean/node_modules/sleep
230 silly doSerial build 2
231 silly build nan@2.4.0
232 info linkStuff nan@2.4.0
233 silly linkStuff nan@2.4.0 has /home/rajadhva/Devops/HW1/digitalocean/node_modules as its parent node_modules
234 verbose linkBins nan@2.4.0
235 verbose linkMans nan@2.4.0
236 silly build sleep@4.0.0
237 info linkStuff sleep@4.0.0
238 silly linkStuff sleep@4.0.0 has /home/rajadhva/Devops/HW1/digitalocean/node_modules as its parent node_modules
239 verbose linkBins sleep@4.0.0
240 verbose link bins [ { sleep: './bin/sleep',
240 verbose link bins     sleepuv: './bin/sleep',
240 verbose link bins     usleep: './bin/sleep',
240 verbose link bins     usleepuv: './bin/sleep' },
240 verbose link bins   '/home/rajadhva/Devops/HW1/digitalocean/node_modules/.bin',
240 verbose link bins   false ]
241 verbose linkMans sleep@4.0.0
242 silly gentlyRm /home/rajadhva/Devops/HW1/digitalocean/node_modules/.bin/sleep is being purged
243 silly gentlyRm /home/rajadhva/Devops/HW1/digitalocean/node_modules/.bin/sleepuv is being purged
244 silly gentlyRm /home/rajadhva/Devops/HW1/digitalocean/node_modules/.bin/usleep is being purged
245 silly gentlyRm /home/rajadhva/Devops/HW1/digitalocean/node_modules/.bin/usleepuv is being purged
246 verbose gentlyRm don't care about contents; nuking /home/rajadhva/Devops/HW1/digitalocean/node_modules/.bin/sleep
247 verbose gentlyRm don't care about contents; nuking /home/rajadhva/Devops/HW1/digitalocean/node_modules/.bin/sleepuv
248 verbose gentlyRm don't care about contents; nuking /home/rajadhva/Devops/HW1/digitalocean/node_modules/.bin/usleep
249 verbose gentlyRm don't care about contents; nuking /home/rajadhva/Devops/HW1/digitalocean/node_modules/.bin/usleepuv
250 silly doSerial global-link 0
251 silly doParallel update-linked 0
252 silly doSerial install 2
253 silly install nan@2.4.0 /home/rajadhva/Devops/HW1/digitalocean/node_modules/.staging/nan-5f571e3ce861b45b3ca5f5fa57931d95
254 info lifecycle nan@2.4.0~install: nan@2.4.0
255 silly lifecycle nan@2.4.0~install: no script for install, continuing
256 silly install sleep@4.0.0 /home/rajadhva/Devops/HW1/digitalocean/node_modules/.staging/sleep-a13a940ddd01987c7005c944cdb5c2ce
257 info lifecycle sleep@4.0.0~install: sleep@4.0.0
258 verbose lifecycle sleep@4.0.0~install: unsafe-perm in lifecycle true
259 verbose lifecycle sleep@4.0.0~install: PATH: /usr/local/lib/node_modules/npm/bin/node-gyp-bin:/home/rajadhva/Devops/HW1/digitalocean/node_modules/sleep/node_modules/.bin:/home/rajadhva/Devops/HW1/digitalocean/node_modules/.bin:/home/rajadhva/.rbenv/plugins/ruby-build/bin:/home/rajadhva/.rbenv/shims:/home/rajadhva/.rbenv/bin:/usr/local/sbin:/usr/local/bin:/usr/sbin:/usr/bin:/sbin:/bin:/usr/games:/usr/local/games
260 verbose lifecycle sleep@4.0.0~install: CWD: /home/rajadhva/Devops/HW1/digitalocean/node_modules/sleep
261 silly lifecycle sleep@4.0.0~install: Args: [ '-c', 'node-gyp rebuild' ]
262 silly lifecycle sleep@4.0.0~install: Returned: code: 1  signal: null
263 info lifecycle sleep@4.0.0~install: Failed to exec install script
264 verbose unlock done using /home/rajadhva/.npm/_locks/staging-94e596a70bf44d31.lock for /home/rajadhva/Devops/HW1/digitalocean/node_modules/.staging
265 silly rollbackFailedOptional Starting
266 silly rollbackFailedOptional Finishing
267 silly runTopLevelLifecycles Starting
268 silly runTopLevelLifecycles Finishing
269 silly install printInstalled
270 warn EPACKAGEJSON servers@0.0.0 No repository field.
271 verbose stack Error: sleep@4.0.0 install: `node-gyp rebuild`
271 verbose stack Exit status 1
271 verbose stack     at EventEmitter.<anonymous> (/usr/local/lib/node_modules/npm/lib/utils/lifecycle.js:232:16)
271 verbose stack     at emitTwo (events.js:101:13)
271 verbose stack     at EventEmitter.emit (events.js:186:7)
271 verbose stack     at ChildProcess.<anonymous> (/usr/local/lib/node_modules/npm/lib/utils/spawn.js:24:14)
271 verbose stack     at emitTwo (events.js:101:13)
271 verbose stack     at ChildProcess.emit (events.js:186:7)
271 verbose stack     at maybeClose (internal/child_process.js:821:16)
271 verbose stack     at Process.ChildProcess._handle.onexit (internal/child_process.js:211:5)
272 verbose pkgid sleep@4.0.0
273 verbose cwd /home/rajadhva/Devops/HW1/digitalocean
274 error Linux 3.19.0-58-generic
275 error argv "/usr/local/bin/node" "/usr/local/bin/npm" "install" "sleep"
276 error node v6.0.0-pre
277 error npm  v3.3.12
278 error code ELIFECYCLE
279 error sleep@4.0.0 install: `node-gyp rebuild`
279 error Exit status 1
280 error Failed at the sleep@4.0.0 install script 'node-gyp rebuild'.
280 error Make sure you have the latest version of node.js and npm installed.
280 error If you do, this is most likely a problem with the sleep package,
280 error not with npm itself.
280 error Tell the author that this fails on your system:
280 error     node-gyp rebuild
280 error You can get their info via:
280 error     npm owner ls sleep
280 error There is likely additional logging output above.
281 verbose exit [ 1, true ]
